c:\users\taharayen\desktop\6502--\mounes\consoleapplication1\release\vc142.pdb
c:\users\taharayen\desktop\6502--\mounes\consoleapplication1\release\virtualscreen.obj
c:\users\taharayen\desktop\6502--\mounes\consoleapplication1\release\ppu.obj
c:\users\taharayen\desktop\6502--\mounes\consoleapplication1\release\picturebus.obj
c:\users\taharayen\desktop\6502--\mounes\consoleapplication1\release\mapperuxrom.obj
c:\users\taharayen\desktop\6502--\mounes\consoleapplication1\release\mappersxrom.obj
c:\users\taharayen\desktop\6502--\mounes\consoleapplication1\release\mappernrom.obj
c:\users\taharayen\desktop\6502--\mounes\consoleapplication1\release\mappermmc3.obj
c:\users\taharayen\desktop\6502--\mounes\consoleapplication1\release\mappergxrom.obj
c:\users\taharayen\desktop\6502--\mounes\consoleapplication1\release\mappercolordreams.obj
c:\users\taharayen\desktop\6502--\mounes\consoleapplication1\release\mappercnrom.obj
c:\users\taharayen\desktop\6502--\mounes\consoleapplication1\release\mapperaxrom.obj
c:\users\taharayen\desktop\6502--\mounes\consoleapplication1\release\mapper.obj
c:\users\taharayen\desktop\6502--\mounes\consoleapplication1\release\mainbus.obj
c:\users\taharayen\desktop\6502--\mounes\consoleapplication1\release\log.obj
c:\users\taharayen\desktop\6502--\mounes\consoleapplication1\release\keybindingsparser.obj
c:\users\taharayen\desktop\6502--\mounes\consoleapplication1\release\emulator.obj
c:\users\taharayen\desktop\6502--\mounes\consoleapplication1\release\cpu.obj
c:\users\taharayen\desktop\6502--\mounes\consoleapplication1\release\controller.obj
c:\users\taharayen\desktop\6502--\mounes\consoleapplication1\release\cartridge.obj
c:\users\taharayen\desktop\6502--\mounes\consoleapplication1\release\main.obj
c:\users\taharayen\desktop\6502--\mounes\consoleapplication1\release\consolea.284d0672.tlog\cl.command.1.tlog
c:\users\taharayen\desktop\6502--\mounes\consoleapplication1\release\consolea.284d0672.tlog\cl.read.1.tlog
c:\users\taharayen\desktop\6502--\mounes\consoleapplication1\release\consolea.284d0672.tlog\cl.write.1.tlog
c:\users\taharayen\desktop\6502--\mounes\consoleapplication1\release\consolea.284d0672.tlog\link.command.1.tlog
c:\users\taharayen\desktop\6502--\mounes\consoleapplication1\release\consolea.284d0672.tlog\link.read.1.tlog
c:\users\taharayen\desktop\6502--\mounes\consoleapplication1\release\consolea.284d0672.tlog\link.write.1.tlog
