c:\users\taharayen\desktop\6502--\mounes\consoleapplication1\debug\vc142.pdb
c:\users\taharayen\desktop\6502--\mounes\consoleapplication1\debug\vc142.idb
c:\users\taharayen\desktop\6502--\mounes\consoleapplication1\debug\virtualscreen.obj
c:\users\taharayen\desktop\6502--\mounes\consoleapplication1\debug\ppu.obj
c:\users\taharayen\desktop\6502--\mounes\consoleapplication1\debug\picturebus.obj
c:\users\taharayen\desktop\6502--\mounes\consoleapplication1\debug\mapperuxrom.obj
c:\users\taharayen\desktop\6502--\mounes\consoleapplication1\debug\mappersxrom.obj
c:\users\taharayen\desktop\6502--\mounes\consoleapplication1\debug\mappernrom.obj
c:\users\taharayen\desktop\6502--\mounes\consoleapplication1\debug\mappermmc3.obj
c:\users\taharayen\desktop\6502--\mounes\consoleapplication1\debug\mappergxrom.obj
c:\users\taharayen\desktop\6502--\mounes\consoleapplication1\debug\mappercolordreams.obj
c:\users\taharayen\desktop\6502--\mounes\consoleapplication1\debug\mappercnrom.obj
c:\users\taharayen\desktop\6502--\mounes\consoleapplication1\debug\mapperaxrom.obj
c:\users\taharayen\desktop\6502--\mounes\consoleapplication1\debug\mapper.obj
c:\users\taharayen\desktop\6502--\mounes\consoleapplication1\debug\mainbus.obj
c:\users\taharayen\desktop\6502--\mounes\consoleapplication1\debug\log.obj
c:\users\taharayen\desktop\6502--\mounes\consoleapplication1\debug\keybindingsparser.obj
c:\users\taharayen\desktop\6502--\mounes\consoleapplication1\debug\emulator.obj
c:\users\taharayen\desktop\6502--\mounes\consoleapplication1\debug\cpu.obj
c:\users\taharayen\desktop\6502--\mounes\consoleapplication1\debug\controller.obj
c:\users\taharayen\desktop\6502--\mounes\consoleapplication1\debug\cartridge.obj
c:\users\taharayen\desktop\6502--\mounes\consoleapplication1\debug\main.obj
c:\users\taharayen\desktop\6502--\mounes\consoleapplication1\debug\consoleapplication1.ilk
c:\users\taharayen\desktop\6502--\mounes\consoleapplication1\debug\consoleapplication1.exe
c:\users\taharayen\desktop\6502--\mounes\consoleapplication1\debug\consoleapplication1.pdb
c:\users\taharayen\desktop\6502--\mounes\consoleapplication1\debug\consolea.284d0672.tlog\cl.command.1.tlog
c:\users\taharayen\desktop\6502--\mounes\consoleapplication1\debug\consolea.284d0672.tlog\cl.read.1.tlog
c:\users\taharayen\desktop\6502--\mounes\consoleapplication1\debug\consolea.284d0672.tlog\cl.write.1.tlog
c:\users\taharayen\desktop\6502--\mounes\consoleapplication1\debug\consolea.284d0672.tlog\link.command.1.tlog
c:\users\taharayen\desktop\6502--\mounes\consoleapplication1\debug\consolea.284d0672.tlog\link.read.1.tlog
c:\users\taharayen\desktop\6502--\mounes\consoleapplication1\debug\consolea.284d0672.tlog\link.write.1.tlog
