g:\users\tatou\desktop\mourad-----\cours uprocsseursn\mounes\nes\nes\release\vc143.pdb
g:\users\tatou\desktop\mourad-----\cours uprocsseursn\mounes\nes\nes\release\virtualscreen.obj
g:\users\tatou\desktop\mourad-----\cours uprocsseursn\mounes\nes\nes\release\ppu.obj
g:\users\tatou\desktop\mourad-----\cours uprocsseursn\mounes\nes\nes\release\picturebus.obj
g:\users\tatou\desktop\mourad-----\cours uprocsseursn\mounes\nes\nes\release\mapperuxrom.obj
g:\users\tatou\desktop\mourad-----\cours uprocsseursn\mounes\nes\nes\release\mappersxrom.obj
g:\users\tatou\desktop\mourad-----\cours uprocsseursn\mounes\nes\nes\release\mappernrom.obj
g:\users\tatou\desktop\mourad-----\cours uprocsseursn\mounes\nes\nes\release\mappermmc3.obj
g:\users\tatou\desktop\mourad-----\cours uprocsseursn\mounes\nes\nes\release\mappergxrom.obj
g:\users\tatou\desktop\mourad-----\cours uprocsseursn\mounes\nes\nes\release\mappercolordreams.obj
g:\users\tatou\desktop\mourad-----\cours uprocsseursn\mounes\nes\nes\release\mappercnrom.obj
g:\users\tatou\desktop\mourad-----\cours uprocsseursn\mounes\nes\nes\release\mapperaxrom.obj
g:\users\tatou\desktop\mourad-----\cours uprocsseursn\mounes\nes\nes\release\mapper.obj
g:\users\tatou\desktop\mourad-----\cours uprocsseursn\mounes\nes\nes\release\mainbus.obj
g:\users\tatou\desktop\mourad-----\cours uprocsseursn\mounes\nes\nes\release\log.obj
g:\users\tatou\desktop\mourad-----\cours uprocsseursn\mounes\nes\nes\release\keybindingsparser.obj
g:\users\tatou\desktop\mourad-----\cours uprocsseursn\mounes\nes\nes\release\emulator.obj
g:\users\tatou\desktop\mourad-----\cours uprocsseursn\mounes\nes\nes\release\cpu.obj
g:\users\tatou\desktop\mourad-----\cours uprocsseursn\mounes\nes\nes\release\controller.obj
g:\users\tatou\desktop\mourad-----\cours uprocsseursn\mounes\nes\nes\release\cartridge.obj
g:\users\tatou\desktop\mourad-----\cours uprocsseursn\mounes\nes\nes\release\main.obj
g:\users\tatou\desktop\mourad-----\cours uprocsseursn\mounes\nes\release\nes.exe
g:\users\tatou\desktop\mourad-----\cours uprocsseursn\mounes\nes\release\nes.pdb
g:\users\tatou\desktop\mourad-----\cours uprocsseursn\mounes\nes\nes\release\nes.ipdb
g:\users\tatou\desktop\mourad-----\cours uprocsseursn\mounes\nes\nes\release\nes.iobj
g:\users\tatou\desktop\mourad-----\cours uprocsseursn\mounes\nes\nes\release\nes.tlog\cl.command.1.tlog
g:\users\tatou\desktop\mourad-----\cours uprocsseursn\mounes\nes\nes\release\nes.tlog\cl.items.tlog
g:\users\tatou\desktop\mourad-----\cours uprocsseursn\mounes\nes\nes\release\nes.tlog\cl.read.1.tlog
g:\users\tatou\desktop\mourad-----\cours uprocsseursn\mounes\nes\nes\release\nes.tlog\cl.write.1.tlog
g:\users\tatou\desktop\mourad-----\cours uprocsseursn\mounes\nes\nes\release\nes.tlog\link.command.1.tlog
g:\users\tatou\desktop\mourad-----\cours uprocsseursn\mounes\nes\nes\release\nes.tlog\link.read.1.tlog
g:\users\tatou\desktop\mourad-----\cours uprocsseursn\mounes\nes\nes\release\nes.tlog\link.secondary.1.tlog
g:\users\tatou\desktop\mourad-----\cours uprocsseursn\mounes\nes\nes\release\nes.tlog\link.write.1.tlog
