  main.cpp
  Cartridge.cpp
  Controller.cpp
  CPU.cpp
C:\Users\moura\Desktop\cours uprocsseurs\MouNes\ConsoleApplication1\src\CPU.cpp(55,19): warning C4244: 'argument': conversion from 'sn::Address' to 'sn::Byte', possible loss of data
C:\Users\moura\Desktop\cours uprocsseurs\MouNes\ConsoleApplication1\src\CPU.cpp(64,22): warning C4805: '|': unsafe mix of type 'int' and type 'bool' in operation
C:\Users\moura\Desktop\cours uprocsseurs\MouNes\ConsoleApplication1\src\CPU.cpp(144,22): warning C4805: '|': unsafe mix of type 'int' and type 'bool' in operation
C:\Users\moura\Desktop\cours uprocsseurs\MouNes\ConsoleApplication1\src\CPU.cpp(234,34): warning C4805: '|': unsafe mix of type 'int' and type 'bool' in operation
C:\Users\moura\Desktop\cours uprocsseurs\MouNes\ConsoleApplication1\src\CPU.cpp(465,31): warning C4244: '=': conversion from 'uint16_t' to 'sn::Byte', possible loss of data
C:\Users\moura\Desktop\cours uprocsseurs\MouNes\ConsoleApplication1\src\CPU.cpp(466,31): warning C4244: 'argument': conversion from 'uint16_t' to 'sn::Byte', possible loss of data
C:\Users\moura\Desktop\cours uprocsseurs\MouNes\ConsoleApplication1\src\CPU.cpp(473,31): warning C4244: 'argument': conversion from 'uint16_t' to 'sn::Byte', possible loss of data
C:\Users\moura\Desktop\cours uprocsseurs\MouNes\ConsoleApplication1\src\CPU.cpp(555,31): warning C4244: 'argument': conversion from 'uint16_t' to 'sn::Byte', possible loss of data
C:\Users\moura\Desktop\cours uprocsseurs\MouNes\ConsoleApplication1\src\CPU.cpp(556,47): warning C4244: 'argument': conversion from 'uint16_t' to 'sn::Byte', possible loss of data
C:\Users\moura\Desktop\cours uprocsseurs\MouNes\ConsoleApplication1\src\CPU.cpp(576,31): warning C4244: 'argument': conversion from 'uint16_t' to 'sn::Byte', possible loss of data
C:\Users\moura\Desktop\cours uprocsseurs\MouNes\ConsoleApplication1\src\CPU.cpp(577,47): warning C4244: 'argument': conversion from 'uint16_t' to 'sn::Byte', possible loss of data
C:\Users\moura\Desktop\cours uprocsseurs\MouNes\ConsoleApplication1\src\CPU.cpp(659,31): warning C4244: 'argument': conversion from 'uint16_t' to 'sn::Byte', possible loss of data
C:\Users\moura\Desktop\cours uprocsseurs\MouNes\ConsoleApplication1\src\CPU.cpp(666,31): warning C4244: 'argument': conversion from 'uint16_t' to 'sn::Byte', possible loss of data
  Emulator.cpp
C:\Users\moura\Desktop\cours uprocsseurs\MouNes\ConsoleApplication1\src\Emulator.cpp(65,85): warning C4244: 'argument': conversion from 'float' to 'unsigned int', possible loss of data
C:\Users\moura\Desktop\cours uprocsseurs\MouNes\ConsoleApplication1\src\Emulator.cpp(65,53): warning C4244: 'argument': conversion from 'float' to 'unsigned int', possible loss of data
  KeybindingsParser.cpp
  Log.cpp
  MainBus.cpp
  Mapper.cpp
  MapperAxROM.cpp
  MapperCNROM.cpp
  MapperColorDreams.cpp
  MapperGxROM.cpp
  MapperMMC3.cpp
  MapperNROM.cpp
  MapperSxROM.cpp
  MapperUxROM.cpp
  PictureBus.cpp
  PPU.cpp
C:\Users\moura\Desktop\cours uprocsseurs\MouNes\ConsoleApplication1\src\PPU.cpp(18,100): warning C4244: '=': conversion from 'sn::Address' to 'sn::Byte', possible loss of data
C:\Users\moura\Desktop\cours uprocsseurs\MouNes\ConsoleApplication1\src\PPU.cpp(251,57): warning C4267: 'argument': conversion from 'size_t' to '_Ty', possible loss of data
C:\Users\moura\Desktop\cours uprocsseurs\MouNes\ConsoleApplication1\src\PPU.cpp(251,57): warning C4267:         with
C:\Users\moura\Desktop\cours uprocsseurs\MouNes\ConsoleApplication1\src\PPU.cpp(251,57): warning C4267:         [
C:\Users\moura\Desktop\cours uprocsseurs\MouNes\ConsoleApplication1\src\PPU.cpp(251,57): warning C4267:             _Ty=sn::Byte
C:\Users\moura\Desktop\cours uprocsseurs\MouNes\ConsoleApplication1\src\PPU.cpp(251,57): warning C4267:         ]
  VirtualScreen.cpp
  Generating code
  1375 of 1390 functions (98.9%) were compiled, the rest were copied from previous compilation.
    1 functions were new in current compilation
    2 functions had inline decision re-evaluated but remain unchanged
  Finished generating code
  ConsoleApplication1.vcxproj -> C:\Users\moura\Desktop\cours uprocsseurs\MouNes\ConsoleApplication1\Release\ConsoleApplication1.exe
